f:\gitfile\learn_cpp\stringcpp\obj\debug\tpp\vc142.pdb
f:\gitfile\learn_cpp\stringcpp\obj\debug\tpp\vc142.idb
f:\gitfile\learn_cpp\stringcpp\obj\debug\tpp\vectorusage.obj
f:\gitfile\learn_cpp\stringcpp\obj\debug\tpp\typelen.obj
f:\gitfile\learn_cpp\stringcpp\obj\debug\tpp\tp131.obj
f:\gitfile\learn_cpp\stringcpp\obj\debug\tpp\tp11.obj
f:\gitfile\learn_cpp\stringcpp\obj\debug\tpp\timu.obj
f:\gitfile\learn_cpp\stringcpp\obj\debug\tpp\t12.obj
f:\gitfile\learn_cpp\stringcpp\obj\debug\tpp\stringusage.obj
f:\gitfile\learn_cpp\stringcpp\obj\debug\tpp\string2.obj
f:\gitfile\learn_cpp\stringcpp\obj\debug\tpp\msg.obj
f:\gitfile\learn_cpp\stringcpp\obj\debug\tpp\mlist.obj
f:\gitfile\learn_cpp\stringcpp\obj\debug\tpp\hwstack.obj
f:\gitfile\learn_cpp\stringcpp\obj\debug\tpp\checkstr.obj
f:\gitfile\learn_cpp\stringcpp\obj\debug\tpp\c26.obj
f:\gitfile\learn_cpp\stringcpp\obj\debug\tpp\algousage.obj
f:\gitfile\learn_cpp\stringcpp\obj\debug\tpp\tp133.obj
f:\gitfile\learn_cpp\stringcpp\obj\debug\tpp\tpp.exe
f:\gitfile\learn_cpp\stringcpp\obj\debug\tpp\tpp.ilk
f:\gitfile\learn_cpp\stringcpp\obj\debug\tpp\tpp.pdb
f:\gitfile\learn_cpp\stringcpp\obj\debug\tpp\tpp.tlog\cl.command.1.tlog
f:\gitfile\learn_cpp\stringcpp\obj\debug\tpp\tpp.tlog\cl.read.1.tlog
f:\gitfile\learn_cpp\stringcpp\obj\debug\tpp\tpp.tlog\cl.write.1.tlog
f:\gitfile\learn_cpp\stringcpp\obj\debug\tpp\tpp.tlog\link.command.1.tlog
f:\gitfile\learn_cpp\stringcpp\obj\debug\tpp\tpp.tlog\link.read.1.tlog
f:\gitfile\learn_cpp\stringcpp\obj\debug\tpp\tpp.tlog\link.write.1.tlog
